0 info it worked if it ends with ok
1 verbose cli [ 'c:\\Program Files\\iojs\\node.exe',
1 verbose cli   'c:\\Program Files\\iojs\\node_modules\\npm\\bin\\npm-cli.js',
1 verbose cli   'i',
1 verbose cli   '--save',
1 verbose cli   'react@0.14.0-beta4',
1 verbose cli   'react-dom@0.14.0-beta4' ]
2 info using npm@2.9.0
3 info using node@v2.0.0
4 verbose install initial load of d:\Projects\js\react\react-starter-babel-webpack-async\package.json
5 warn package.json react-babel-webpack-async-starter@0.0.1 No description
6 warn package.json react-babel-webpack-async-starter@0.0.1 No repository field.
7 warn package.json react-babel-webpack-async-starter@0.0.1 No README data
8 verbose installManyTop reading scoped package data from d:\Projects\js\react\react-starter-babel-webpack-async\node_modules\autoprefixer-loader\package.json
9 verbose installManyTop reading scoped package data from d:\Projects\js\react\react-starter-babel-webpack-async\node_modules\babel\package.json
10 verbose installManyTop reading scoped package data from d:\Projects\js\react\react-starter-babel-webpack-async\node_modules\babel-core\package.json
11 verbose installManyTop reading scoped package data from d:\Projects\js\react\react-starter-babel-webpack-async\node_modules\babel-eslint\package.json
12 verbose installManyTop reading scoped package data from d:\Projects\js\react\react-starter-babel-webpack-async\node_modules\babel-loader\package.json
13 verbose installManyTop reading scoped package data from d:\Projects\js\react\react-starter-babel-webpack-async\node_modules\classnames\package.json
14 verbose installManyTop reading scoped package data from d:\Projects\js\react\react-starter-babel-webpack-async\node_modules\css-loader\package.json
15 verbose installManyTop reading scoped package data from d:\Projects\js\react\react-starter-babel-webpack-async\node_modules\esdoc\package.json
16 verbose installManyTop reading scoped package data from d:\Projects\js\react\react-starter-babel-webpack-async\node_modules\eslint\package.json
17 verbose installManyTop reading scoped package data from d:\Projects\js\react\react-starter-babel-webpack-async\node_modules\eslint-loader\package.json
18 verbose installManyTop reading scoped package data from d:\Projects\js\react\react-starter-babel-webpack-async\node_modules\eslint-plugin-react\package.json
19 verbose installManyTop reading scoped package data from d:\Projects\js\react\react-starter-babel-webpack-async\node_modules\flowcheck\package.json
20 verbose installManyTop reading scoped package data from d:\Projects\js\react\react-starter-babel-webpack-async\node_modules\flowcheck-loader\package.json
21 verbose installManyTop reading scoped package data from d:\Projects\js\react\react-starter-babel-webpack-async\node_modules\html-webpack-plugin\package.json
22 verbose installManyTop reading scoped package data from d:\Projects\js\react\react-starter-babel-webpack-async\node_modules\node-sass\package.json
23 verbose installManyTop reading scoped package data from d:\Projects\js\react\react-starter-babel-webpack-async\node_modules\opn\package.json
24 verbose installManyTop reading scoped package data from d:\Projects\js\react\react-starter-babel-webpack-async\node_modules\promise\package.json
25 verbose installManyTop reading scoped package data from d:\Projects\js\react\react-starter-babel-webpack-async\node_modules\react\package.json
26 verbose installManyTop reading scoped package data from d:\Projects\js\react\react-starter-babel-webpack-async\node_modules\react-dom\package.json
27 verbose installManyTop reading scoped package data from d:\Projects\js\react\react-starter-babel-webpack-async\node_modules\react-hot-loader\package.json
28 verbose installManyTop reading scoped package data from d:\Projects\js\react\react-starter-babel-webpack-async\node_modules\react-router\package.json
29 verbose installManyTop reading scoped package data from d:\Projects\js\react\react-starter-babel-webpack-async\node_modules\sass-loader\package.json
30 verbose installManyTop reading scoped package data from d:\Projects\js\react\react-starter-babel-webpack-async\node_modules\style-loader\package.json
31 verbose installManyTop reading scoped package data from d:\Projects\js\react\react-starter-babel-webpack-async\node_modules\superagent\package.json
32 verbose installManyTop reading scoped package data from d:\Projects\js\react\react-starter-babel-webpack-async\node_modules\webpack\package.json
33 verbose installManyTop reading scoped package data from d:\Projects\js\react\react-starter-babel-webpack-async\node_modules\webpack-dev-server\package.json
34 verbose installManyTop reading scoped package data from d:\Projects\js\react\react-starter-babel-webpack-async\node_modules\webpack-merge\package.json
35 warn package.json babel-core@5.8.19 No README data
36 verbose readDependencies loading dependencies from d:\Projects\js\react\react-starter-babel-webpack-async\package.json
37 silly cache add args [ 'react@0.14.0-beta4', null ]
38 verbose cache add spec react@0.14.0-beta4
39 silly cache add args [ 'react-dom@0.14.0-beta4', null ]
40 verbose cache add spec react-dom@0.14.0-beta4
41 silly cache add parsed spec { raw: 'react@0.14.0-beta4',
41 silly cache add   scope: null,
41 silly cache add   name: 'react',
41 silly cache add   rawSpec: '0.14.0-beta4',
41 silly cache add   spec: '0.14.0-beta4',
41 silly cache add   type: 'version' }
42 silly addNamed react@0.14.0-beta4
43 verbose addNamed "0.14.0-beta4" is a plain semver version for react
44 silly mapToRegistry name react
45 silly mapToRegistry using default registry
46 silly mapToRegistry registry http://registry.npmjs.org/
47 silly mapToRegistry uri http://registry.npmjs.org/react
48 verbose addNameVersion registry:http://registry.npmjs.org/react not in flight; fetching
49 silly cache add parsed spec { raw: 'react-dom@0.14.0-beta4',
49 silly cache add   scope: null,
49 silly cache add   name: 'react-dom',
49 silly cache add   rawSpec: '0.14.0-beta4',
49 silly cache add   spec: '0.14.0-beta4',
49 silly cache add   type: 'version' }
50 silly addNamed react-dom@0.14.0-beta4
51 verbose addNamed "0.14.0-beta4" is a plain semver version for react-dom
52 silly mapToRegistry name react-dom
53 silly mapToRegistry using default registry
54 silly mapToRegistry registry http://registry.npmjs.org/
55 silly mapToRegistry uri http://registry.npmjs.org/react-dom
56 verbose addNameVersion registry:http://registry.npmjs.org/react-dom not in flight; fetching
57 verbose request uri http://registry.npmjs.org/react-dom
58 verbose request no auth needed
59 info attempt registry request try #1 at 00:04:51
60 verbose request id e2ab58a711860e57
61 verbose etag "47NNW6T0KRT1OHVJ2BWCTFY6T"
62 http request GET http://registry.npmjs.org/react-dom
63 verbose request uri http://registry.npmjs.org/react
64 verbose request no auth needed
65 info attempt registry request try #1 at 00:04:51
66 verbose etag "F4P39D33BUCG5VUGHQDZ9GUEN"
67 http request GET http://registry.npmjs.org/react
68 http 304 http://registry.npmjs.org/react
69 silly get cb [ 304,
69 silly get   { date: 'Wed, 05 Aug 2015 22:04:53 GMT',
69 silly get     via: '1.1 varnish',
69 silly get     'cache-control': 'max-age=60',
69 silly get     etag: '"F4P39D33BUCG5VUGHQDZ9GUEN"',
69 silly get     age: '9',
69 silly get     connection: 'keep-alive',
69 silly get     'x-served-by': 'cache-fra1226-FRA',
69 silly get     'x-cache': 'HIT',
69 silly get     'x-cache-hits': '1',
69 silly get     'x-timer': 'S1438812293.715488,VS0,VE0',
69 silly get     vary: 'Accept' } ]
70 verbose etag http://registry.npmjs.org/react from cache
71 verbose get saving react to C:\Users\Jovi\AppData\Roaming\npm-cache\registry.npmjs.org\react\.cache.json
72 http 304 http://registry.npmjs.org/react-dom
73 silly get cb [ 304,
73 silly get   { date: 'Wed, 05 Aug 2015 22:04:53 GMT',
73 silly get     via: '1.1 varnish',
73 silly get     'cache-control': 'max-age=60',
73 silly get     etag: '"47NNW6T0KRT1OHVJ2BWCTFY6T"',
73 silly get     age: '0',
73 silly get     connection: 'keep-alive',
73 silly get     'x-served-by': 'cache-fra1242-FRA',
73 silly get     'x-cache': 'MISS',
73 silly get     'x-cache-hits': '0',
73 silly get     'x-timer': 'S1438812293.719907,VS0,VE715',
73 silly get     vary: 'Accept' } ]
74 verbose etag http://registry.npmjs.org/react-dom from cache
75 verbose get saving react-dom to C:\Users\Jovi\AppData\Roaming\npm-cache\registry.npmjs.org\react-dom\.cache.json
76 verbose stack Error: version not found: react@0.14.0-beta4
76 verbose stack     at setData (c:\Program Files\iojs\node_modules\npm\lib\cache\add-named.js:125:12)
76 verbose stack     at RES (c:\Program Files\iojs\node_modules\npm\node_modules\inflight\inflight.js:23:14)
76 verbose stack     at f (c:\Program Files\iojs\node_modules\npm\node_modules\once\once.js:17:25)
76 verbose stack     at saved (c:\Program Files\iojs\node_modules\npm\lib\cache\caching-client.js:173:7)
76 verbose stack     at FSReqWrap.oncomplete (fs.js:78:15)
77 verbose statusCode 404
78 verbose cwd d:\Projects\js\react\react-starter-babel-webpack-async
79 error Windows_NT 6.1.7601
80 error argv "c:\\Program Files\\iojs\\node.exe" "c:\\Program Files\\iojs\\node_modules\\npm\\bin\\npm-cli.js" "i" "--save" "react@0.14.0-beta4" "react-dom@0.14.0-beta4"
81 error node v2.0.0
82 error npm  v2.9.0
83 error version not found: react@0.14.0-beta4
84 error If you need help, you may report this error at:
84 error     <https://github.com/npm/npm/issues>
85 verbose exit [ 1, true ]
